p/80.PNG 1 0 0 47 42
p/79.PNG 1 0 0 47 37
p/78.PNG 1 0 0 41 32
p/77.PNG 1 0 0 41 36
p/76.PNG 1 0 0 36 30
p/75.PNG 1 0 0 32 26
p/74.PNG 1 0 0 45 44
p/73.PNG 1 0 0 34 39
p/72.PNG 1 0 0 47 45
p/71.PNG 1 0 0 42 36
p/70.PNG 1 0 0 70 44
p/69.PNG 1 0 0 57 41
p/68.PNG 1 0 0 45 32
p/67.PNG 1 0 0 38 32
p/66.PNG 1 0 0 37 29
p/65.PNG 1 0 0 61 49
p/64.PNG 1 0 0 51 43
p/63.PNG 1 0 0 21 23
p/62.PNG 1 0 0 19 21
p/61.PNG 1 0 0 72 59
p/60.PNG 1 0 0 63 52
p/59.PNG 1 0 0 54 42
p/58.PNG 1 0 0 53 39
p/57.PNG 1 0 0 31 28
p/56.PNG 1 0 0 38 34
p/55.PNG 1 0 0 30 30
p/54.PNG 1 0 0 34 35
p/53.PNG 1 0 0 28 27
p/52.PNG 1 0 0 33 27
p/51.PNG 1 0 0 33 32
p/49.PNG 1 0 0 32 28
p/48.PNG 1 0 0 29 31
p/47.PNG 1 0 0 37 31
p/46.PNG 1 0 0 44 34
p/45.PNG 1 0 0 49 35
p/44.PNG 1 0 0 52 38
p/43.PNG 1 0 0 54 37
p/42.PNG 1 0 0 58 39
p/41.PNG 1 0 0 60 40
p/40.PNG 1 0 0 59 42
p/39.PNG 1 0 0 91 53
p/38.PNG 1 0 0 89 50
p/37.PNG 1 0 0 88 54
p/36.PNG 1 0 0 82 56
p/35.PNG 1 0 0 85 56
p/34.PNG 1 0 0 79 62
p/33.PNG 1 0 0 81 62
p/32.PNG 1 0 0 84 53
p/31.PNG 1 0 0 54 44
p/30.PNG 1 0 0 51 40
p/29.PNG 1 0 0 48 35
p/28.PNG 1 0 0 42 31
p/27.PNG 1 0 0 37 29
p/26.PNG 1 0 0 36 28
p/25.PNG 1 0 0 35 26
p/24.PNG 1 0 0 31 26
p/23.PNG 1 0 0 28 24
p/22.PNG 1 0 0 26 25
p/21.PNG 1 0 0 27 23
p/20.PNG 1 0 0 24 19
p/19.PNG 1 0 0 186 110
p/18.PNG 1 0 0 185 104
p/17.PNG 1 0 0 181 87
p/16.PNG 1 0 0 160 89
p/15.PNG 1 0 0 139 66
p/14.PNG 1 0 0 116 78
p/13.PNG 1 0 0 85 51
p/12.PNG 1 0 0 69 45
p/11.PNG 1 0 0 55 35
p/10.PNG 1 0 0 52 32
p/9.PNG 1 0 0 47 30
p/8.PNG 1 0 0 37 29
p/7.PNG 1 0 0 36 33
p/6.PNG 1 0 0 34 24
p/5.PNG 1 0 0 30 24
p/4.PNG 1 0 0 27 23
p/3.PNG 1 0 0 24 21
p/2.PNG 1 0 0 22 19
p/1.PNG 1 0 0 22 17