p/40.PNG 1 0 0 139 133
p/39.PNG 1 0 0 150 122
p/38.PNG 1 0 0 123 122
p/37.PNG 1 0 0 126 97
p/36.PNG 1 0 0 123 107
p/35.PNG 1 0 0 114 91
p/34.PNG 1 0 0 103 98
p/33.PNG 1 0 0 87 83
p/32.PNG 1 0 0 103 94
p/31.PNG 1 0 0 79 77
p/30.PNG 1 0 0 70 69
p/29.PNG 1 0 0 81 79
p/28.PNG 1 0 0 85 83
p/27.PNG 1 0 0 75 77
p/26.PNG 1 0 0 82 74
p/25.PNG 1 0 0 80 75
p/24.PNG 1 0 0 86 72
p/23.PNG 1 0 0 70 71
p/22.PNG 1 0 0 88 73
p/21.PNG 1 0 0 75 73
p/20.PNG 1 0 0 131 130
p/19.PNG 1 0 0 136 128
p/18.PNG 1 0 0 156 132
p/17.PNG 1 0 0 137 115
p/16.PNG 1 0 0 122 106
p/15.PNG 1 0 0 124 111
p/14.PNG 1 0 0 107 96
p/13.PNG 1 0 0 115 97
p/12.PNG 1 0 0 111 99
p/11.PNG 1 0 0 91 91
p/10.PNG 1 0 0 91 84
p/9.PNG 1 0 0 92 95
p/8.PNG 1 0 0 90 70
p/7.PNG 1 0 0 88 77
p/6.PNG 1 0 0 78 72
p/5.PNG 1 0 0 84 72
p/4.PNG 1 0 0 74 65
p/3.PNG 1 0 0 75 71
p/2.PNG 1 0 0 84 81
p/1.PNG 1 0 0 90 75