p/fgeg.PNG 1 0 0 112 94
p/recv.PNG 1 0 0 91 112
p/ewg.PNG 1 0 0 116 102
p/reeee.PNG 1 0 0 83 81
p/66.bmp 1 0 0 61 63
p/55.bmp 1 0 0 76 87
p/44.bmp 1 0 0 68 70
p/33.bmp 1 0 0 45 37
p/22.bmp 1 0 0 79 84
p/112.bmp 1 0 0 87 80
p/111.bmp 1 0 0 62 63
p/gy.bmp 1 0 0 65 55
p/13.bmp 1 0 0 134 127
p/1671606769068.bmp 1 0 0 134 127
p/12.bmp 1 0 0 89 87
p/1671606769067.bmp 1 0 0 89 87
p/11.bmp 1 0 0 112 96
p/1671606769066.bmp 1 0 0 112 96
p/10.bmp 1 0 0 65 62
p/1671606769065.bmp 1 0 0 65 62
p/1671606769074.bmp 1 0 0 52 49
p/9.bmp 1 0 0 52 49
p/8.bmp 1 0 0 64 52
p/7.bmp 1 0 0 46 38
p/1671606769073.bmp 1 0 0 49 40
p/6.bmp 1 0 0 49 40
p/1671606769072.bmp 1 0 0 32 30
p/5.bmp 1 0 0 32 30
p/1671606769071.bmp 1 0 0 36 34
p/4.bmp 1 0 0 36 34
p/1671606769070.bmp 1 0 0 29 29
p/3.bmp 1 0 0 29 29
p/1671606769069.bmp 1 0 0 33 23
p/2.bmp 1 0 0 33 23
p/1.bmp 1 0 0 27 26
p/1671606769064.bmp 1 0 0 27 26