p/154.PNG 1 0 0 52 50
p/153.PNG 1 0 0 34 35
p/152.PNG 1 0 0 24 26
p/151.PNG 1 0 0 20 19
p/150.PNG 1 0 0 54 59
p/149.PNG 1 0 0 58 53
p/148.PNG 1 0 0 49 49
p/147.PNG 1 0 0 46 44
p/146.PNG 1 0 0 34 36
p/145.PNG 1 0 0 36 32
p/144.PNG 1 0 0 31 33
p/143.PNG 1 0 0 29 27
p/142.PNG 1 0 0 26 27
p/141.PNG 1 0 0 25 22
p/140.PNG 1 0 0 23 21
p/139.PNG 1 0 0 49 53
p/138.PNG 1 0 0 48 49
p/137.PNG 1 0 0 45 45
p/136.PNG 1 0 0 37 37
p/135.PNG 1 0 0 34 33
p/134.PNG 1 0 0 29 34
p/133.PNG 1 0 0 27 31
p/132.PNG 1 0 0 27 31
p/131.PNG 1 0 0 22 22
p/130.PNG 1 0 0 30 28
p/129.PNG 1 0 0 19 21
p/128.PNG 1 0 0 52 57
p/127.PNG 1 0 0 21 24
p/126.PNG 1 0 0 46 43
p/125.PNG 1 0 0 20 24
p/124.PNG 1 0 0 50 42
p/123.PNG 1 0 0 21 21
p/122.PNG 1 0 0 44 46
p/121.PNG 1 0 0 22 22
p/120.PNG 1 0 0 39 40
p/119.PNG 1 0 0 18 22
p/118.PNG 1 0 0 34 35
p/117.PNG 1 0 0 32 33
p/116.PNG 1 0 0 30 28
p/115.PNG 1 0 0 34 39
p/114.PNG 1 0 0 34 42
p/113.PNG 1 0 0 34 44
p/112.PNG 1 0 0 71 75
p/111.PNG 1 0 0 80 78
p/110.PNG 1 0 0 71 74
p/109.PNG 1 0 0 69 70
p/108.PNG 1 0 0 66 64
p/107.PNG 1 0 0 63 62
p/106.PNG 1 0 0 63 57
p/105.PNG 1 0 0 62 52
p/104.PNG 1 0 0 62 47
p/103.PNG 1 0 0 58 49
p/102.PNG 1 0 0 55 47
p/101.PNG 1 0 0 51 42
p/100.PNG 1 0 0 50 42
p/99.PNG 1 0 0 50 40
p/98.PNG 1 0 0 45 41
p/97.PNG 1 0 0 44 40
p/96.PNG 1 0 0 40 38
p/95.PNG 1 0 0 37 36
p/94.PNG 1 0 0 37 35
p/93.PNG 1 0 0 33 30
p/92.PNG 1 0 0 29 29
p/91.PNG 1 0 0 31 30
p/90.PNG 1 0 0 30 28
p/89.PNG 1 0 0 28 28
p/88.PNG 1 0 0 26 25
p/87.PNG 1 0 0 26 24
p/86.PNG 1 0 0 27 21
p/85.PNG 1 0 0 23 20
p/84.PNG 1 0 0 23 21
p/83.PNG 1 0 0 59 65
p/82.PNG 1 0 0 71 58
p/81.PNG 1 0 0 58 55
p/80.PNG 1 0 0 57 54
p/79.PNG 1 0 0 52 51
p/78.PNG 1 0 0 59 51
p/77.PNG 1 0 0 48 43
p/76.PNG 1 0 0 47 44
p/75.PNG 1 0 0 41 40
p/74.PNG 1 0 0 42 40
p/73.PNG 1 0 0 40 34
p/72.PNG 1 0 0 38 36
p/71.PNG 1 0 0 37 35
p/70.PNG 1 0 0 35 36
p/69.PNG 1 0 0 33 33
p/68.PNG 1 0 0 34 31
p/67.PNG 1 0 0 31 30
p/66.PNG 1 0 0 30 30
p/65.PNG 1 0 0 28 28
p/64.PNG 1 0 0 30 28
p/63.PNG 1 0 0 27 26
p/62.PNG 1 0 0 28 28
p/61.PNG 1 0 0 25 28
p/60.PNG 1 0 0 24 26
p/59.PNG 1 0 0 25 26
p/58.PNG 1 0 0 27 26
p/57.PNG 1 0 0 22 23
p/56.PNG 1 0 0 25 23
p/55.PNG 1 0 0 21 23
p/54.PNG 1 0 0 22 24
p/53.PNG 1 0 0 21 19
p/52.PNG 1 0 0 20 23
p/51.PNG 1 0 0 19 21
p/49.PNG 1 0 0 20 19
p/40.PNG 1 0 0 126 128
p/39.PNG 1 0 0 127 115
p/38.PNG 1 0 0 120 111
p/37.PNG 1 0 0 115 99
p/36.PNG 1 0 0 108 103
p/35.PNG 1 0 0 107 95
p/34.PNG 1 0 0 97 94
p/33.PNG 1 0 0 94 86
p/32.PNG 1 0 0 95 83
p/31.PNG 1 0 0 87 79
p/30.PNG 1 0 0 81 74
p/29.PNG 1 0 0 71 70
p/28.PNG 1 0 0 74 69
p/27.PNG 1 0 0 68 68
p/26.PNG 1 0 0 72 62
p/25.PNG 1 0 0 67 60
p/24.PNG 1 0 0 61 60
p/23.PNG 1 0 0 60 59
p/22.PNG 1 0 0 56 59
p/21.PNG 1 0 0 54 53
p/20.PNG 1 0 0 52 53
p/19.PNG 1 0 0 47 50
p/18.PNG 1 0 0 48 46
p/17.PNG 1 0 0 48 46
p/16.PNG 1 0 0 46 46
p/15.PNG 1 0 0 44 43
p/14.PNG 1 0 0 43 40
p/13.PNG 1 0 0 42 39
p/12.PNG 1 0 0 36 38
p/11.PNG 1 0 0 35 34
p/10.PNG 1 0 0 36 32
p/9.PNG 1 0 0 34 35
p/46.PNG 1 0 0 33 33
p/45.PNG 1 0 0 31 32
p/48.PNG 1 0 0 30 31
p/47.PNG 1 0 0 30 28
p/44.PNG 1 0 0 28 25
p/43.PNG 1 0 0 27 28
p/42.PNG 1 0 0 23 27
p/41.PNG 1 0 0 22 25
p/8.PNG 1 0 0 30 34
p/7.PNG 1 0 0 32 35
p/6.PNG 1 0 0 36 30
p/5.PNG 1 0 0 32 30
p/4.PNG 1 0 0 27 29
p/3.PNG 1 0 0 24 28
p/2.PNG 1 0 0 26 25
p/1.PNG 1 0 0 19 21