p/65.bmp 1 0 0 14 26
p/64.bmp 1 0 0 25 24
p/63.bmp 1 0 0 25 24
p/62.bmp 1 0 0 22 21
p/61.bmp 1 0 0 21 21
p/60.bmp 1 0 0 20 19
p/59.bmp 1 0 0 21 19
p/58.bmp 1 0 0 19 19
p/57.png 1 0 0 15 25
p/56.png 1 0 0 26 24
p/55.png 1 0 0 24 23
p/54.png 1 0 0 24 23
p/53.png 1 0 0 21 21
p/52.bmp 1 0 0 81 99
p/51.bmp 1 0 0 106 127
p/50.bmp 1 0 0 78 94
p/49.bmp 1 0 0 100 123
p/48.bmp 1 0 0 95 117
p/46.bmp 1 0 0 72 87
p/45.bmp 1 0 0 51 59
p/44.bmp 1 0 0 70 82
p/43.bmp 1 0 0 69 74
p/42.bmp 1 0 0 47 49
p/41.bmp 1 0 0 40 44
p/40.bmp 1 0 0 61 64
p/39.bmp 1 0 0 42 46
p/37.bmp 1 0 0 61 64
p/36.bmp 1 0 0 43 43
p/35.bmp 1 0 0 56 59
p/34.bmp 1 0 0 56 59
p/33.bmp 1 0 0 37 39
p/32.bmp 1 0 0 51 51
p/31.bmp 1 0 0 36 37
p/30.bmp 1 0 0 50 49
p/29.bmp 1 0 0 49 50
p/28.bmp 1 0 0 46 48
p/27.bmp 1 0 0 30 32
p/26.bmp 1 0 0 31 33
p/25.bmp 1 0 0 42 44
p/24.bmp 1 0 0 43 42
p/23.bmp 1 0 0 39 41
p/22.bmp 1 0 0 38 40
p/21.bmp 1 0 0 37 36
p/20.bmp 1 0 0 28 26
p/19.bmp 1 0 0 33 34
p/18.bmp 1 0 0 18 23
p/17.bmp 1 0 0 23 23
p/16.bmp 1 0 0 33 34
p/15.bmp 1 0 0 26 37
p/14.bmp 1 0 0 32 35
p/13.bmp 1 0 0 25 35
p/12.bmp 1 0 0 32 33
p/11.bmp 1 0 0 37 34
p/10.bmp 1 0 0 32 30
p/9.bmp 1 0 0 37 34
p/8.bmp 1 0 0 32 33
p/7.bmp 1 0 0 37 35
p/6.bmp 1 0 0 31 31
p/5.bmp 1 0 0 35 32
p/4.bmp 1 0 0 27 29
p/3.bmp 1 0 0 33 29
p/2.bmp 1 0 0 26 27
p/1.bmp 1 0 0 32 30