n/fre.png
n/488.png
n/23.png
n/22.png
n/21.png
n/20.png
n/19.png
n/18.png
n/17.png
n/16.png
n/15.png
n/14.png
n/13.png
n/12.png
n/11.png
n/9.png
n/8.png
n/7.png
n/4.png
n/3.png
n/2.bmp
n/cek.png.jpg
n/g2.png
n/gor.png
n/g1.png
n/00199.png
n/00204.png
n/00205.png
n/00207.png
n/00097.png
n/00098.png
n/00101.png
n/00103.png
n/00106.png
n/00107.png
n/00109.png
n/00112.png
n/00114.png
n/00116.png
n/00117.png
n/00127.png
n/00129.png
n/00131.png
n/00133.png
n/00134.png
n/00135.png
n/00136.png
n/00137.png
n/00138.png
n/00139.png
n/00140.png
n/00143.png
n/00144.png
n/00145.png
n/00147.png
n/00148.png
n/00149.png
n/00151.png
n/00152.png
n/00155.png
n/00156.png
n/00158.png
n/00159.png
n/00160.png
n/00161.png
n/00163.png
n/00164.png
n/00166.png
n/00168.png
n/00170.png
n/00171.png
n/00172.png
n/00173.png
n/00174.png
n/00177.png
n/00178.png
n/00182.png
n/00183.png
n/00184.png
n/00185.png
n/00186.png
n/00188.png
n/00190.png
n/00191.png
n/00192.png
n/00193.png
n/00194.png
n/00197.png
n/00198.png
n/1671362906021.png
n/1671362906022.png
n/1671362906023.png
n/1671362906024.png
n/1671362906025.png
n/1671362906026.png
n/1671362906027.png
n/1671362906028.png
n/1671362906029.png
n/1671362906030.png
n/1671362906031.png
n/1671362906032.png
n/1671362906033.png
n/1671362906034.png
n/1671362906035.png
n/1671362906036.png
n/1671362906037.png
n/1671362906038.png
n/1671362906039.png
n/1671362906040.png
n/1671362906041.png
n/1671363645195.png