p/jrf.bmp 1 0 0 105 105
p/48.bmp 1 0 0 93 86
p/1671363645245.bmp 1 0 0 168 110
p/47.bmp 1 0 0 168 110
p/46.bmp 1 0 0 168 110
p/n.bmp 1 0 0 168 110
p/45.bmp 1 0 0 150 116
p/ee.bmp 1 0 0 150 116
p/1671363645237.bmp 1 0 0 172 165
p/44.bmp 1 0 0 172 165
p/1671363645242.bmp 1 0 0 100 90
p/43.bmp 1 0 0 100 90
p/42.bmp 1 0 0 100 90
p/l.bmp 1 0 0 100 90
p/1671363645238.bmp 1 0 0 116 117
p/41.bmp 1 0 0 116 117
p/1671363645239.bmp 1 0 0 131 122
p/40.bmp 1 0 0 131 122
p/ku.bmp 1 0 0 131 122
p/y.bmp 1 0 0 131 122
p/1671363645246.bmp 1 0 0 79 72
p/39.bmp 1 0 0 79 72
p/38.bmp 1 0 0 66 76
p/37.bmp 1 0 0 80 75
p/ww.bmp 1 0 0 80 75
p/36.bmp 1 0 0 70 69
p/1671363645236.bmp 1 0 0 51 51
p/35.bmp 1 0 0 51 51
p/1671363645240.bmp 1 0 0 42 40
p/34.bmp 1 0 0 42 40
p/33.bmp 1 0 0 46 46
p/h.bmp 1 0 0 46 46
p/1671363645226.bmp 1 0 0 36 35
p/1671363645227.bmp 1 0 0 36 35
p/1671363645241.bmp 1 0 0 36 35
p/32.bmp 1 0 0 36 35
p/1671363645233.bmp 1 0 0 121 176
p/31.bmp 1 0 0 121 176
p/eee.bmp 1 0 0 131 125
p/1671363645234.bmp 1 0 0 170 161
p/29.bmp 1 0 0 170 161
p/1671363645223.bmp 1 0 0 360 360
p/1671363645224.bmp 1 0 0 360 360
p/27.bmp 1 0 0 132 121
p/1671363645221.bmp 1 0 0 176 161
p/1671363645222.bmp 1 0 0 176 161
p/26.bmp 1 0 0 176 161
p/1671363645219.bmp 1 0 0 150 151
p/1671363645220.bmp 1 0 0 150 151
p/19.bmp 1 0 0 144 159
p/1671363645218.bmp 1 0 0 45 46
p/18.bmp 1 0 0 45 46
p/1671363645217.bmp 1 0 0 81 77
p/17.bmp 1 0 0 81 77
p/1671363645215.bmp 1 0 0 125 125
p/1671363645216.bmp 1 0 0 125 125
p/w.bmp 1 0 0 125 125
p/15.bmp 1 0 0 85 111
p/1671363645212.bmp 1 0 0 85 111
p/1671363645213.bmp 1 0 0 85 111
p/1671363645214.bmp 1 0 0 85 111
p/14.bmp 1 0 0 111 113
p/1671363645210.bmp 1 0 0 111 113
p/1671363645211.bmp 1 0 0 111 113
p/k.bmp 1 0 0 111 113
p/13.bmp.png 1 0 0 69 65
p/d.png 1 0 0 69 65
p/f.png 1 0 0 69 65
p/rt.png 1 0 0 69 65
p/12.bmp 1 0 0 101 100
p/1671363645235.bmp 1 0 0 101 100
p/d.bmp 1 0 0 101 100
p/f.bmp 1 0 0 101 100
p/11.bmp 1 0 0 88 84
p/1671363645232.bmp 1 0 0 88 84
p/1671363645243.bmp 1 0 0 88 84
p/1671363645244.bmp 1 0 0 88 84
p/10.bmp 1 0 0 78 95
p/r.bmp 1 0 0 78 95
p/9.bmp 1 0 0 101 90
p/e.bmp 1 0 0 101 90
p/1671363645231.bmp 1 0 0 51 64
p/8.bmp 1 0 0 51 64
p/7.bmp 1 0 0 55 57
p/u.bmp 1 0 0 55 57
p/1671363645230.bmp 1 0 0 88 83
p/6.bmp 1 0 0 88 83
p/1671363645229.bmp 1 0 0 85 88
p/5.bmp 1 0 0 85 88
p/1671363645228.bmp 1 0 0 80 75
p/4.bmp 1 0 0 80 75
p/1671363645225.bmp 1 0 0 69 63
p/3.bmp 1 0 0 69 63
p/p.bmp 1 0 0 60 53
p/1671363645218.png 1 0 0 63 58
p/2.bmp.png 1 0 0 63 58
p/1.bmp 1 0 0 600 450
p/1671363645208.bmp 1 0 0 600 450
p/1671363645209.bmp 1 0 0 600 450
p/s.bmp 1 0 0 600 450