p/68.PNG 1 0 0 24 35
p/67.PNG 1 0 0 18 39
p/66.PNG 1 0 0 24 35
p/65.PNG 1 0 0 72 95
p/64.PNG 1 0 0 64 96
p/63.PNG 1 0 0 59 81
p/62.PNG 1 0 0 55 80
p/61.PNG 1 0 0 51 78
p/60.PNG 1 0 0 47 66
p/59.PNG 1 0 0 43 60
p/58.PNG 1 0 0 36 54
p/57.PNG 1 0 0 32 48
p/56.PNG 1 0 0 32 46
p/55.PNG 1 0 0 31 39
p/54.PNG 1 0 0 30 40
p/53.PNG 1 0 0 28 38
p/52.PNG 1 0 0 29 33
p/51.PNG 1 0 0 25 30
p/49.PNG 1 0 0 24 31
p/48.PNG 1 0 0 22 29
p/47.PNG 1 0 0 24 25
p/43.PNG 1 0 0 32 46
p/42.PNG 1 0 0 32 47
p/41.PNG 1 0 0 31 44
p/40.PNG 1 0 0 29 40
p/39.PNG 1 0 0 24 38
p/38.PNG 1 0 0 23 35
p/37.PNG 1 0 0 23 33
p/36.PNG 1 0 0 24 34
p/35.PNG 1 0 0 20 30
p/34.PNG 1 0 0 20 31
p/33.PNG 1 0 0 21 27
p/32.PNG 1 0 0 21 30
p/31.PNG 1 0 0 21 30
p/30.PNG 1 0 0 17 26
p/29.PNG 1 0 0 18 24
p/28.PNG 1 0 0 17 21
p/27.PNG 1 0 0 39 59
p/26.PNG 1 0 0 38 55
p/25.PNG 1 0 0 36 50
p/24.PNG 1 0 0 38 51
p/23.PNG 1 0 0 31 47
p/22.PNG 1 0 0 31 45
p/21.PNG 1 0 0 29 39
p/20.PNG 1 0 0 33 35
p/19.PNG 1 0 0 30 39
p/18.PNG 1 0 0 35 39
p/17.PNG 1 0 0 29 38
p/16.PNG 1 0 0 30 35
p/15.PNG 1 0 0 28 35
p/14.PNG 1 0 0 25 36
p/13.PNG 1 0 0 29 32
p/12.PNG 1 0 0 22 29
p/11.PNG 1 0 0 25 30
p/10.PNG 1 0 0 24 24
p/9.PNG 1 0 0 28 26
p/8.PNG 1 0 0 25 28
p/7.PNG 1 0 0 27 27
p/6.PNG 1 0 0 22 24
p/5.PNG 1 0 0 17 24
p/4.PNG 1 0 0 24 22
p/3.PNG 1 0 0 17 24
p/2.PNG 1 0 0 19 25
p/1.PNG 1 0 0 16 28
p/49.bmp.jpg 1 0 0 40 35
p/48.bmp.jpg 1 0 0 39 33
p/47.bmp.jpg 1 0 0 18 33
p/46.bmp.jpg 1 0 0 33 30
p/45.bmp.jpg 1 0 0 50 26
p/44.bmp.jpg 1 0 0 50 26
p/43.bmp.jpg 1 0 0 30 24
p/42.bmp.jpg 1 0 0 31 17
p/41.bmp.jpg 1 0 0 29 19
p/40.bmp.jpg 1 0 0 36 23
p/39.bmp.jpg 1 0 0 28 18
p/38.bmp.jpg 1 0 0 21 13
p/37.bmp.jpg 1 0 0 25 16
p/22.bmp.jpg 1 0 0 50 51
p/20.bmp.jpg 1 0 0 49 39
p/18.bmp.jpg 1 0 0 44 35
p/17.bmp.jpg 1 0 0 44 31
p/15.bmp.jpg 1 0 0 32 31
p/14.bmp.jpg 1 0 0 27 27
p/13.bmp.jpg 1 0 0 28 25
p/12.bmp.jpg 1 0 0 27 23
p/5.bmp.jpg 1 0 0 44 47
p/3.bmp.jpg 1 0 0 35 37