p/95.PNG 1 0 0 149 82
p/94.PNG 1 0 0 111 47
p/93.PNG 1 0 0 118 55
p/92.PNG 1 0 0 56 31
p/91.PNG 1 0 0 94 42
p/90.PNG 1 0 0 57 30
p/89.PNG 1 0 0 48 24
p/88.PNG 1 0 0 74 36
p/87.PNG 1 0 0 57 33
p/86.PNG 1 0 0 42 22
p/85.PNG 1 0 0 34 20
p/84.PNG 1 0 0 47 30
p/83.PNG 1 0 0 38 22
p/82.PNG 1 0 0 102 53
p/81.PNG 1 0 0 91 40
p/80.PNG 1 0 0 87 34
p/79.PNG 1 0 0 84 40
p/78.PNG 1 0 0 77 37
p/77.PNG 1 0 0 76 36
p/76.PNG 1 0 0 67 33
p/75.PNG 1 0 0 60 37
p/74.PNG 1 0 0 61 37
p/73.PNG 1 0 0 56 33
p/72.PNG 1 0 0 58 32
p/71.PNG 1 0 0 54 32
p/70.PNG 1 0 0 43 30
p/69.PNG 1 0 0 20 25
p/68.PNG 1 0 0 22 23
p/67.PNG 1 0 0 22 29
p/64.PNG 1 0 0 78 32
p/63.PNG 1 0 0 71 35
p/62.PNG 1 0 0 67 34
p/61.PNG 1 0 0 62 34
p/60.PNG 1 0 0 59 38
p/59.PNG 1 0 0 52 34
p/58.PNG 1 0 0 49 28
p/57.PNG 1 0 0 46 26
p/56.PNG 1 0 0 47 29
p/55.PNG 1 0 0 45 27
p/54.PNG 1 0 0 41 26
p/53.PNG 1 0 0 40 25
p/52.PNG 1 0 0 39 25
p/51.PNG 1 0 0 31 19
p/49.PNG 1 0 0 38 25
p/48.PNG 1 0 0 34 20
p/47.PNG 1 0 0 34 22
p/46.PNG 1 0 0 28 17
p/45.PNG 1 0 0 34 23
p/44.PNG 1 0 0 34 23
p/43.PNG 1 0 0 27 21
p/42.PNG 1 0 0 23 17
p/41.PNG 1 0 0 35 23
p/40.PNG 1 0 0 27 14
p/39.PNG 1 0 0 33 19
p/38.PNG 1 0 0 23 16
p/37.PNG 1 0 0 31 20
p/36.PNG 1 0 0 31 18
p/35.PNG 1 0 0 109 77
p/34.PNG 1 0 0 127 52
p/33.PNG 1 0 0 96 79
p/32.PNG 1 0 0 93 62
p/31.PNG 1 0 0 80 58
p/30.PNG 1 0 0 76 59
p/29.PNG 1 0 0 73 50
p/28.PNG 1 0 0 68 49
p/27.PNG 1 0 0 67 43
p/26.PNG 1 0 0 63 43
p/25.PNG 1 0 0 58 46
p/24.PNG 1 0 0 52 39
p/23.PNG 1 0 0 52 39
p/22.PNG 1 0 0 56 27
p/21.PNG 1 0 0 50 31
p/20.PNG 1 0 0 40 31
p/19.PNG 1 0 0 39 35
p/18.PNG 1 0 0 35 32
p/17.PNG 1 0 0 37 36
p/16.PNG 1 0 0 36 33
p/15.PNG 1 0 0 33 27
p/14.PNG 1 0 0 32 28
p/13.PNG 1 0 0 37 22
p/12.PNG 1 0 0 30 18
p/11.PNG 1 0 0 28 18
p/10.PNG 1 0 0 23 20
p/9.PNG 1 0 0 24 23
p/8.PNG 1 0 0 26 24
p/7.PNG 1 0 0 23 18
p/6.PNG 1 0 0 21 20
p/5.PNG 1 0 0 21 17
p/4.PNG 1 0 0 30 15
p/3.PNG 1 0 0 26 16
p/2.PNG 1 0 0 18 20
p/1.PNG 1 0 0 25 17