p/40.PNG 1 0 0 33 85
p/39.PNG 1 0 0 30 77
p/38.PNG 1 0 0 33 80
p/37.PNG 1 0 0 29 73
p/36.PNG 1 0 0 32 77
p/35.PNG 1 0 0 25 72
p/34.PNG 1 0 0 25 65
p/33.PNG 1 0 0 23 65
p/32.PNG 1 0 0 19 57
p/31.PNG 1 0 0 24 59
p/30.PNG 1 0 0 20 55
p/29.PNG 1 0 0 23 59
p/28.PNG 1 0 0 21 54
p/27.PNG 1 0 0 23 58
p/26.PNG 1 0 0 20 52
p/25.PNG 1 0 0 20 48
p/24.PNG 1 0 0 16 37
p/23.PNG 1 0 0 15 47
p/22.PNG 1 0 0 19 51
p/21.PNG 1 0 0 18 40
p/20.PNG 1 0 0 18 40
p/19.PNG 1 0 0 15 40
p/18.PNG 1 0 0 15 45
p/17.PNG 1 0 0 19 46
p/16.PNG 1 0 0 12 40
p/15.PNG 1 0 0 17 40
p/14.PNG 1 0 0 15 32
p/13.PNG 1 0 0 16 33
p/12.PNG 1 0 0 16 43
p/11.PNG 1 0 0 17 38
p/10.PNG 1 0 0 13 38
p/9.PNG 1 0 0 14 40
p/8.PNG 1 0 0 14 40
p/7.PNG 1 0 0 13 39
p/6.PNG 1 0 0 13 29
p/4.PNG 1 0 0 12 31
p/3.PNG 1 0 0 14 35
p/2.PNG 1 0 0 12 30
p/1.PNG 1 0 0 15 33
p/17.bmp.jpg 1 0 0 40 57
p/16.bmp.jpg 1 0 0 42 65
p/15.bmp.jpg 1 0 0 71 90
p/14.bmp.jpg 1 0 0 46 70
p/13.bmp.jpg 1 0 0 64 78
p/12.bmp.jpg 1 0 0 52 75
p/11.bmp.jpg 1 0 0 46 51
p/10.bmp.jpg 1 0 0 26 60
p/9.bmp.jpg 1 0 0 38 50
p/8.bmp.jpg 1 0 0 33 50
p/7.bmp.jpg 1 0 0 35 57
p/5.bmp.jpg 1 0 0 43 83
p/4.bmp.jpg 1 0 0 45 75
p/3.bmp.jpg 1 0 0 48 56
p/2.bmp.jpg 1 0 0 39 59
p/1.bmp.jpg 1 0 0 27 51