p/1671628730814.bmp 1 0 0 192 186
p/22.bmp 1 0 0 192 186
p/1671628730814.png 1 0 0 166 170
p/21.png 1 0 0 166 170
p/1671628730813.png 1 0 0 146 144
p/20.png 1 0 0 146 144
p/1671628730812.png 1 0 0 143 145
p/19.png 1 0 0 143 145
p/1671628730812.bmp 1 0 0 146 136
p/18.bmp 1 0 0 146 136
p/1671628730811.bmp 1 0 0 107 96
p/17.bmp 1 0 0 107 96
p/16.bmp 1 0 0 136 123
p/15.bmp 1 0 0 118 107
p/14.bmp 1 0 0 113 98
p/1671628730810.bmp 1 0 0 113 98
p/13.bmp 1 0 0 87 81
p/1671628730809.bmp 1 0 0 87 81
p/12.bmp 1 0 0 112 98
p/1671628730808.bmp 1 0 0 112 98
p/11.bmp 1 0 0 158 129
p/1671628730807.bmp 1 0 0 158 129
p/10.bmp 1 0 0 151 171
p/1671628730806.bmp 1 0 0 151 171
p/1671628730815.bmp 1 0 0 86 127
p/9.bmp 1 0 0 86 127
p/8.bmp 1 0 0 149 137
p/7.bmp 1 0 0 127 108
p/6.bmp 1 0 0 127 108
p/5.bmp 1 0 0 74 50
p/4.bmp 1 0 0 88 76
p/3.bmp 1 0 0 99 80
p/2.bmp 1 0 0 51 36
p/1.bmp 1 0 0 57 53